<?xml version="1.0" encoding="UTF-8"?>
<testsuite xmlns:xsi="http://www.w3.org/2001/XMLSchema-instance" xsi:noNamespaceSchemaLocation="https://maven.apache.org/surefire/maven-surefire-plugin/xsd/surefire-test-report.xsd" name="com.smartbear.junitsupportexample.ExampleTest" time="0.116" tests="7" errors="1" skipped="0" failures="3">
  <properties>
[...]
</properties>
  <testcase name="QA_35" classname="com.smartbear.junitsupportexample.ExampleTest" time="0.015"/>
  <testcase name="QA_36{String}[1]" classname="com.smartbear.junitsupportexample.ExampleTest" time="0.035"/>
  <testcase name="QA_36{String}[2]" classname="com.smartbear.junitsupportexample.ExampleTest" time="0"/>
  <testcase name="QA_36{String}[3]" classname="com.smartbear.junitsupportexample.ExampleTest" time="0"/>
  <testcase name="QA_36{String}[4]" classname="com.smartbear.junitsupportexample.ExampleTest" time="0.002"/>
  <testcase name="QA_37" classname="com.smartbear.junitsupportexample.ExampleTest" time="0"/>
  <testcase name="QA_38" classname="com.smartbear.junitsupportexample.ExampleTest" time="0"/>
</testsuite>
